<?xml version="1.0" encoding="UTF-8"?>
<!-- Generated by org.testng.reporters.JUnitXMLReporter -->
<testsuite ignored="0" hostname="DESKTOP-FQD6JN4" failures="1" tests="3" name="Test" time="21.751" errors="0" timestamp="2021-04-14T13:31:30 EDT">
  <testcase classname="testNG.Tc3" name="tc2" time="1.155">
    <failure type="org.junit.ComparisonFailure" message="expected:&amp;lt;[Facebook]&amp;gt; but was:&amp;lt;[567843]&amp;gt;">
      <![CDATA[org.junit.ComparisonFailure: expected:<[Facebook]> but was:<[567843]>
at org.junit.Assert.assertEquals(Assert.java:115)
at org.junit.Assert.assertEquals(Assert.java:144)
at testNG.Tc3.tc2(Tc3.java:25)
at java.base/java.util.ArrayList.forEach(ArrayList.java:1511)
... Removed 27 stack frames]]>
    </failure>
  </testcase> <!-- tc2 -->
  <testcase classname="testNG.Tc2" name="tc2" time="1.561"/>
  <testcase classname="testNG.Tc1" name="login" time="0.878"/>
</testsuite> <!-- Test -->
