<?xml version="1.0" encoding="UTF-8"?>
<testng-results ignored="0" total="1" passed="1" failed="0" skipped="0">
  <reporter-output>
  </reporter-output>
  <suite started-at="2023-03-05T15:48:52 EST" name="Suite" finished-at="2023-03-05T15:49:05 EST" duration-ms="13620">
    <groups>
    </groups>
    <test started-at="2023-03-05T15:48:52 EST" name="Test2" finished-at="2023-03-05T15:49:05 EST" duration-ms="13620">
      <class name="testNG.Test3">
        <test-method is-config="true" signature="openapp()[pri:0, instance:testNG.Test3@4445629]" started-at="2023-03-05T15:48:52 EST" name="openapp" finished-at="2023-03-05T15:48:52 EST" duration-ms="9" status="PASS">
          <reporter-output>
          </reporter-output>
        </test-method> <!-- openapp -->
        <test-method signature="login(java.lang.String)[pri:0, instance:testNG.Test3@4445629]" started-at="2023-03-05T15:48:52 EST" name="login" finished-at="2023-03-05T15:49:05 EST" duration-ms="13566" status="PASS">
          <params>
            <param index="0">
              <value>
                <![CDATA[firefox]]>
              </value>
            </param>
          </params>
          <reporter-output>
          </reporter-output>
        </test-method> <!-- login -->
      </class> <!-- testNG.Test3 -->
    </test> <!-- Test2 -->
  </suite> <!-- Suite -->
</testng-results>
